TN:
SF:src/modules/appointments/services/CreateAppointmentService.ts
FN:15,(anonymous_12)
FN:20,(anonymous_13)
FNF:2
FNH:2
FNDA:2,(anonymous_12)
FNDA:3,(anonymous_13)
DA:1,1
DA:2,1
DA:3,1
DA:14,1
DA:17,2
DA:24,3
DA:26,3
DA:30,3
DA:31,1
DA:34,2
DA:39,2
LF:11
LH:11
BRDA:30,0,0,1
BRDA:30,0,1,2
BRF:2
BRH:2
end_of_record
TN:
SF:src/modules/users/services/AuthenticateUserService.ts
FN:24,(anonymous_12)
FN:30,(anonymous_13)
FNF:2
FNH:2
FNDA:3,(anonymous_12)
FNDA:3,(anonymous_13)
DA:2,1
DA:3,1
DA:5,1
DA:6,1
DA:23,1
DA:25,3
DA:27,3
DA:31,3
DA:33,3
DA:35,2
DA:40,2
DA:41,1
DA:43,1
DA:45,1
DA:49,1
LF:15
LH:15
BRDA:33,0,0,1
BRDA:33,0,1,2
BRDA:40,1,0,1
BRDA:40,1,1,1
BRF:4
BRH:4
end_of_record
TN:
SF:src/modules/users/services/CreateUserService.ts
FN:17,(anonymous_12)
FN:23,(anonymous_13)
FNF:2
FNH:2
FNDA:5,(anonymous_12)
FNDA:5,(anonymous_13)
DA:1,2
DA:3,2
DA:16,2
DA:18,5
DA:20,5
DA:24,5
DA:26,5
DA:28,4
DA:30,4
DA:35,4
LF:10
LH:10
BRDA:26,0,0,1
BRDA:26,0,1,4
BRF:2
BRH:2
end_of_record
TN:
SF:src/modules/users/services/ResetPasswordService.ts
FN:17,(anonymous_12)
FN:28,(anonymous_13)
FNF:2
FNH:2
FNDA:4,(anonymous_12)
FNDA:4,(anonymous_13)
DA:1,1
DA:2,1
DA:4,1
DA:16,1
DA:19,4
DA:22,4
DA:25,4
DA:29,4
DA:31,4
DA:33,3
DA:35,3
DA:36,2
DA:38,2
DA:39,1
DA:42,1
DA:44,1
DA:45,1
DA:48,1
LF:18
LH:18
BRDA:31,0,0,1
BRDA:31,0,1,3
BRDA:35,1,0,2
BRDA:35,1,1,1
BRDA:38,2,0,1
BRDA:38,2,1,1
BRF:6
BRH:6
end_of_record
TN:
SF:src/modules/users/services/SendForgotPasswordEmailService.ts
FN:15,(anonymous_12)
FN:26,(anonymous_13)
FNF:2
FNH:2
FNDA:3,(anonymous_12)
FNDA:3,(anonymous_13)
DA:1,1
DA:3,1
DA:14,1
DA:17,3
DA:20,3
DA:23,3
DA:27,3
DA:29,3
DA:31,2
DA:33,2
LF:10
LH:10
BRDA:29,0,0,1
BRDA:29,0,1,2
BRF:2
BRH:2
end_of_record
TN:
SF:src/modules/users/services/UpdateUserAvatarService.ts
FN:20,(anonymous_12)
FN:25,(anonymous_13)
FNF:2
FNH:2
FNDA:4,(anonymous_12)
FNDA:5,(anonymous_13)
DA:1,1
DA:7,1
DA:19,1
DA:21,4
DA:22,4
DA:26,5
DA:28,5
DA:29,1
DA:31,4
DA:32,1
DA:35,4
DA:37,4
DA:39,4
DA:41,4
LF:14
LH:14
BRDA:28,0,0,1
BRDA:28,0,1,4
BRDA:31,1,0,1
BRDA:31,1,1,3
BRF:4
BRH:4
end_of_record
